<?xml version="1.0" encoding="UTF-8"?>
<robot generator="Robot 6.0.1 (Python 3.11.0 on win32)" generated="20221109 13:47:02.790" rpa="false" schemaversion="3">
<suite id="s1" name="Test Search Google" source="C:\Users\chana\Desktop\robot\test_search_google.robot">
<test id="s1-t1" name="Search case" line="19">
<kw name="เปิดเว็บ google.com">
<kw name="Open Browser" library="Selenium2Library">
<arg>${url}</arg>
<arg>${browser}</arg>
<doc>Opens a new browser instance to the optional ``url``.</doc>
<msg timestamp="20221109 13:47:03.429" level="INFO">Opening browser 'chrome' to base url 'https://google.com/'.</msg>
<status status="PASS" starttime="20221109 13:47:03.429" endtime="20221109 13:47:14.646"/>
</kw>
<status status="PASS" starttime="20221109 13:47:03.429" endtime="20221109 13:47:14.646"/>
</kw>
<kw name="ค้นหาตาม keywords">
<kw name="Input Text" library="Selenium2Library">
<arg>name=q</arg>
<arg>${expected_result}</arg>
<doc>Types the given ``text`` into the text field identified by ``locator``.</doc>
<msg timestamp="20221109 13:47:14.646" level="INFO">Typing text 'Podcasts ไทย' into text field 'name=q'.</msg>
<status status="PASS" starttime="20221109 13:47:14.646" endtime="20221109 13:47:14.895"/>
</kw>
<kw name="Submit Form" library="Selenium2Library">
<doc>Submits a form identified by ``locator``.</doc>
<msg timestamp="20221109 13:47:14.895" level="INFO">Submitting form 'None'.</msg>
<status status="PASS" starttime="20221109 13:47:14.895" endtime="20221109 13:47:17.355"/>
</kw>
<status status="PASS" starttime="20221109 13:47:14.646" endtime="20221109 13:47:17.355"/>
</kw>
<kw name="รอผลลัพธ์">
<kw name="Wait Until Page Contains" library="Selenium2Library">
<arg>${expected_result}</arg>
<doc>Waits until ``text`` appears on the current page.</doc>
<status status="PASS" starttime="20221109 13:47:17.355" endtime="20221109 13:47:17.392"/>
</kw>
<status status="PASS" starttime="20221109 13:47:17.355" endtime="20221109 13:47:17.392"/>
</kw>
<status status="PASS" starttime="20221109 13:47:03.429" endtime="20221109 13:47:17.395"/>
</test>
<status status="PASS" starttime="20221109 13:47:02.795" endtime="20221109 13:47:17.396"/>
</suite>
<statistics>
<total>
<stat pass="1" fail="0" skip="0">All Tests</stat>
</total>
<tag>
</tag>
<suite>
<stat pass="1" fail="0" skip="0" id="s1" name="Test Search Google">Test Search Google</stat>
</suite>
</statistics>
<errors>
</errors>
</robot>
